{"C:\\Users\\Martin\\Documents\\ProyectosLAB\\track-frontend\\lim20181-Track-FE-markdown-list\\ruta.js": {"path":"C:\\Users\\Martin\\Documents\\ProyectosLAB\\track-frontend\\lim20181-Track-FE-markdown-list\\ruta.js","statementMap":{"0":{"start":{"line":1,"column":13},"end":{"line":1,"column":28}},"1":{"start":{"line":3,"column":22},"end":{"line":10,"column":1}},"2":{"start":{"line":4,"column":4},"end":{"line":9,"column":5}},"3":{"start":{"line":5,"column":6},"end":{"line":5,"column":27}},"4":{"start":{"line":7,"column":20},"end":{"line":7,"column":50}},"5":{"start":{"line":8,"column":6},"end":{"line":8,"column":20}},"6":{"start":{"line":12,"column":24},"end":{"line":15,"column":1}},"7":{"start":{"line":13,"column":23},"end":{"line":13,"column":50}},"8":{"start":{"line":14,"column":2},"end":{"line":14,"column":21}},"9":{"start":{"line":17,"column":0},"end":{"line":17,"column":31}}},"fnMap":{"0":{"name":"(anonymous_0)","decl":{"start":{"line":3,"column":22},"end":{"line":3,"column":23}},"loc":{"start":{"line":3,"column":41},"end":{"line":10,"column":1}},"line":3},"1":{"name":"(anonymous_1)","decl":{"start":{"line":12,"column":24},"end":{"line":12,"column":25}},"loc":{"start":{"line":12,"column":42},"end":{"line":15,"column":1}},"line":12}},"branchMap":{"0":{"loc":{"start":{"line":4,"column":4},"end":{"line":9,"column":5}},"type":"if","locations":[{"start":{"line":4,"column":4},"end":{"line":9,"column":5}},{"start":{"line":4,"column":4},"end":{"line":9,"column":5}}],"line":4}},"s":{"0":1,"1":1,"2":2,"3":1,"4":1,"5":1,"6":1,"7":1,"8":1,"9":1},"f":{"0":2,"1":1},"b":{"0":[1,1]},"_coverageSchema":"332fd63041d2c1bcb487cc26dd0d5f7d97098a6c","hash":"366d8fbac2c2299896da09bb006b7d6f30e2d661"}
}
